Exception occurred at address 89525153
Exception code C0000005: Access Violation
Process PID=5384  Image: C:\Users\user\Documents\Clarion Projects\Clarion_Application\EmployeesApp\EmployeesApp.exe
Thread 1  Handle=000000E4  TID=4808

Exception parameters:
00000000
89525153

EAX=00468310    EBX=00451EDC    ECX=00000000    EDX=00464674
ESI=004662C0    EDI=00000005    EBP=0018FEDC    ESP=0018FE8C
EIP=89525153    FLG=00010216

Call Stack:
89525153
010CDFFF  ClaRUN.dll:000CDFFF
77089902
770898D5

Clarion modules:
01000000  10.00:12799 C:\Users\user\Documents\Clarion Projects\Clarion_Application\EmployeesApp\ClaRUN.dll
007E0000  10.00:12799 C:\Users\user\Documents\Clarion Projects\Clarion_Application\EmployeesApp\ClaASC.dll
007C0000  10.00:12799 C:\Users\user\Documents\Clarion Projects\Clarion_Application\EmployeesApp\ClaDOS.dll
00020000  10.00:12799 C:\Users\user\Documents\Clarion Projects\Clarion_Application\EmployeesApp\ClaTPS.dll
00400000  10.00:12799 C:\Users\user\Documents\Clarion Projects\Clarion_Application\EmployeesApp\EmployeesApp.exe

Thread stack:
0018FE80: 19 00 00 00  00 00 00 00  00 00 00 00  D1 67 43 00 
0018FE90: B7 E1 0C 01  C4 FF 18 00  FF DF 0C 01  DC FE 18 00 
0018FEA0: B4 FE 18 00  13 8C 14 01  74 46 46 00  2F FF 18 00 
0018FEB0: 74 46 46 00  00 00 00 13  00 00 00 74  46 46 00 13 
0018FEC0: 00 00 00 13  26 E0 0C 01  78 8C 14 01  FA 98 12 01 
0018FED0: 2F FF 18 00  54 FB 18 00  A4 FB 18 00  94 FF 18 00 
0018FEE0: FF DF 0C 01  C4 FF 18 00  C4 FF 18 00  10 99 12 01 
0018FEF0: 2F FF 18 00  2F FF 18 00  F8 E0 0C 01  50 F5 6F 00 
0018FF00: FF DF 0C 01  2F FF 18 00  94 68 46 00  74 46 46 00 
0018FF10: 94 FF 18 00  28 FF 18 00  01 00 00 00  FC FF 46 00 
0018FF20: 00 E0 46 00  74 46 46 00  5F 40 0C 2F  FF 18 00 78 
0018FF30: 8C 14 01 D4  FE 18 00 04  00 00 00 F8  8C 14 01 50 
0018FF40: F5 6F 00 58  D1 13 01 6C  D1 13 01 88  D1 13 01 7C 
0018FF50: D1 13 01 A4  D1 13 01 98  D1 13 01 00  00 00 00 F8 
0018FF60: E0 0C 01 74  46 46 00 13  C8 DC 0C 01  00 00 00 00 
0018FF70: 00 00 00 00  4C 5F 43 00  00 00 00 00  74 46 46 00 
0018FF80: 01 00 00 00  94 68 46 00  5C 5F 43 00  8A 33 95 76 
0018FF90: 00 E0 FD 7E  D4 FF 18 00  02 99 08 77  00 E0 FD 7E 
0018FFA0: 18 91 2C 76  00 00 00 00  00 00 00 00  00 E0 FD 7E 
0018FFB0: 00 00 00 00  00 00 00 00  00 00 00 00  A0 FF 18 00 
0018FFC0: 00 00 00 00  FF FF FF FF  45 58 0C 77  EC A8 33 01 
0018FFD0: 00 00 00 00  EC FF 18 00  D5 98 08 77  4C 5F 43 00 
0018FFE0: 00 E0 FD 7E  00 00 00 00  00 00 00 00  00 00 00 00 
0018FFF0: 00 00 00 00  4C 5F 43 00  00 E0 FD 7E  00 00 00 00 
