Exception occurred at address C6C38953
Exception code C0000005: Access Violation
Process PID=4744  Image: C:\Users\user\Documents\Clarion Projects\DijikstraApplication\DijikstraApplication.exe
Thread 1  Handle=000000E4  TID=3472

Exception parameters:
00000000
C6C38953

EAX=0041AA6C    EBX=0041ACE0    ECX=0018FF2F    EDX=00419064
ESI=0041ACA8    EDI=00000000    EBP=0018FEDC    ESP=0018FE8C
EIP=C6C38953    FLG=00010216

Call Stack:
C6C38953
010CBF0F
77249902
772498D5

Clarion modules:
01000000  10.00:12799 C:\Users\user\Documents\Clarion Projects\DijikstraApplication\ClaRUN.dll
00790000  10.00:12799 C:\Users\user\Documents\Clarion Projects\DijikstraApplication\ClaTPS.dll
00400000  10.00:12799 C:\Users\user\Documents\Clarion Projects\DijikstraApplication\DijikstraApplication.exe

Thread stack:
0018FE80: 19 00 00 00  00 00 00 00  2F FF 18 00  58 13 40 00 
0018FE90: C7 C0 0C 01  C4 FF 18 00  0F BF 0C 01  DC FE 18 00 
0018FEA0: B4 FE 18 00  13 6B 14 01  64 90 41 00  2F FF 18 00 
0018FEB0: 64 90 41 00  24 00 00 05  00 00 00 64  90 41 00 13 
0018FEC0: 00 00 00 13  36 BF 0C 01  60 6B 14 01  0A 78 12 01 
0018FED0: 2F FF 18 00  54 FB 18 00  A4 FB 18 00  94 FF 18 00 
0018FEE0: 0F BF 0C 01  C4 FF 18 00  C4 FF 18 00  20 78 12 01 
0018FEF0: 2F FF 18 00  2F FF 18 00  08 C0 0C 01  A8 EE 61 00 
0018FF00: 0F BF 0C 01  2F FF 18 00  EC AC 41 00  64 90 41 00 
0018FF10: 94 FF 18 00  28 FF 18 00  01 00 00 00  14 CE 41 00 
0018FF20: 00 C0 41 00  64 90 41 00  13 22 0C 2F  FF 18 00 60 
0018FF30: 6B 14 01 D4  FE 18 00 04  00 00 00 E0  6B 14 01 A8 
0018FF40: EE 61 00 44  B0 13 01 58  B0 13 01 74  B0 13 01 68 
0018FF50: B0 13 01 90  B0 13 01 84  B0 13 01 00  00 00 00 08 
0018FF60: C0 0C 01 64  90 41 00 13  D8 BB 0C 01  00 00 00 00 
0018FF70: 00 00 00 00  E8 12 40 00  00 00 00 00  64 90 41 00 
0018FF80: 01 00 00 00  EC AC 41 00  F8 12 40 00  8A 33 14 76 
0018FF90: 00 E0 FD 7E  D4 FF 18 00  02 99 24 77  00 E0 FD 7E 
0018FFA0: 62 F5 E9 77  00 00 00 00  00 00 00 00  00 E0 FD 7E 
0018FFB0: 00 00 00 00  00 00 00 00  00 00 00 00  A0 FF 18 00 
0018FFC0: 00 00 00 00  FF FF FF FF  45 58 28 77  96 CC D2 00 
0018FFD0: 00 00 00 00  EC FF 18 00  D5 98 24 77  E8 12 40 00 
0018FFE0: 00 E0 FD 7E  00 00 00 00  00 00 00 00  00 00 00 00 
0018FFF0: 00 00 00 00  E8 12 40 00  00 E0 FD 7E  00 00 00 00 
